#
# There is insufficient memory for the Java Runtime Environment to continue.
# Native memory allocation (mmap) failed to map 2031616 bytes for Failed to commit area from 0x0000020d66ed0000 to 0x0000020d670c0000 of length 2031616.
# Possible reasons:
#   The system is out of physical RAM or swap space
#   The process is running with CompressedOops enabled, and the Java Heap may be blocking the growth of the native heap
# Possible solutions:
#   Reduce memory load on the system
#   Increase physical memory or swap space
#   Check if swap backing store is full
#   Decrease Java heap size (-Xmx/-Xms)
#   Decrease number of Java threads
#   Decrease Java thread stack sizes (-Xss)
#   Set larger code cache with -XX:ReservedCodeCacheSize=
#   JVM is running with Unscaled Compressed Oops mode in which the Java heap is
#     placed in the first 4GB address space. The Java Heap base address is the
#     maximum limit for the native heap growth. Please use -XX:HeapBaseMinAddress
#     to set the Java Heap base and to place the Java Heap above 4GB virtual address.
# This output file may be truncated or incomplete.
#
#  Out of Memory Error (./open/src/hotspot/os/windows/os_windows.cpp:3315), pid=12180, tid=27616
#
# JRE version:  (14.0.2+12) (build )
# Java VM: OpenJDK 64-Bit Server VM (14.0.2+12-46, mixed mode, sharing, tiered, compressed oops, g1 gc, windows-amd64)
# No core dump will be written. Minidumps are not enabled by default on client versions of Windows
#

---------------  S U M M A R Y ------------

Command Line: -Dfile.encoding=Cp1252 -XX:+ShowCodeDetailsInExceptionMessages Acceuil.Login

Host: Intel(R) Core(TM) i5-7300U CPU @ 2.60GHz, 4 cores, 7G,  Windows 10 , 64 bit Build 18362 (10.0.18362.1082)
Time: Sun Jan  3 22:37:02 2021 Paris, Madrid elapsed time: 0 seconds (0d 0h 0m 0s)

---------------  T H R E A D  ---------------

Current thread (0x0000020d517cf000):  JavaThread "Unknown thread" [_thread_in_vm, id=27616, stack(0x0000008959600000,0x0000008959700000)]

Stack: [0x0000008959600000,0x0000008959700000]
Native frames: (J=compiled Java code, j=interpreted, Vv=VM code, C=native code)
V  [jvm.dll+0x5f8a9a]
V  [jvm.dll+0x74247a]
V  [jvm.dll+0x743c2f]
V  [jvm.dll+0x744273]
V  [jvm.dll+0x20d288]
V  [jvm.dll+0x5f5dea]
V  [jvm.dll+0x5eac45]
V  [jvm.dll+0x2c7e9c]
V  [jvm.dll+0x2c7cd2]
V  [jvm.dll+0x2cdbbc]
V  [jvm.dll+0x314011]
V  [jvm.dll+0x313710]
V  [jvm.dll+0x2a092a]
V  [jvm.dll+0x2a1a79]
V  [jvm.dll+0x71fd48]
V  [jvm.dll+0x321c14]
V  [jvm.dll+0x70112c]
V  [jvm.dll+0x392def]
V  [jvm.dll+0x394e61]
C  [jli.dll+0x524b]
C  [ucrtbase.dll+0x20e82]
C  [KERNEL32.DLL+0x17bd4]
C  [ntdll.dll+0x6ce51]


---------------  P R O C E S S  ---------------

Threads class SMR info:
_java_thread_list=0x00007ffbebb43038, length=0, elements={
}

Java Threads: ( => current thread )

Other Threads:
  0x0000020d51812800 GCTaskThread "GC Thread#0" [stack: 0x0000008959700000,0x0000008959800000] [id=12392]
  0x0000020d51826000 ConcurrentGCThread "G1 Main Marker" [stack: 0x0000008959800000,0x0000008959900000] [id=17292]
  0x0000020d51828800 ConcurrentGCThread "G1 Conc#0" [stack: 0x0000008959900000,0x0000008959a00000] [id=1928]

[error occurred during error reporting (printing all threads), id 0xc0000005, EXCEPTION_ACCESS_VIOLATION (0xc0000005) at pc=0x00007ffbeb371257]

VM state:not at safepoint (not fully initialized)

VM Mutex/Monitor currently owned by a thread:  ([mutex/lock_event])
[0x0000020d517ccb00] Heap_lock - owner thread: 0x0000020d517cf000

Heap address: 0x0000000085800000, size: 1960 MB, Compressed Oops mode: 32-bit
Narrow klass base: 0x0000000000000000, Narrow klass shift: 0

GC Heap History (0 events):
No events

Deoptimization events (0 events):
No events

Classes unloaded (0 events):
No events

Classes redefined (0 events):
No events

Internal exceptions (0 events):
No events

Events (2 events):
Event: 0.012 Loaded shared library C:\Users\PC\.p2\pool\plugins\org.eclipse.justj.openjdk.hotspot.jre.full.win32.x86_64_14.0.2.v20200815-0932\jre\bin\java.dll
Event: 0.013 Loaded shared library C:\Users\PC\.p2\pool\plugins\org.eclipse.justj.openjdk.hotspot.jre.full.win32.x86_64_14.0.2.v20200815-0932\jre\bin\zip.dll


Dynamic libraries:
0x00007ff636220000 - 0x00007ff63622d000 	C:\Users\PC\.p2\pool\plugins\org.eclipse.justj.openjdk.hotspot.jre.full.win32.x86_64_14.0.2.v20200815-0932\jre\bin\javaw.exe
0x00007ffc59060000 - 0x00007ffc59250000 	C:\WINDOWS\SYSTEM32\ntdll.dll
0x00007ffc1f4c0000 - 0x00007ffc1f4d2000 	C:\Program Files\AVAST Software\Avast\aswhook.dll
0x00007ffc58d70000 - 0x00007ffc58e22000 	C:\WINDOWS\System32\KERNEL32.DLL
0x00007ffc56ec0000 - 0x00007ffc57165000 	C:\WINDOWS\System32\KERNELBASE.dll
0x00007ffc560d0000 - 0x00007ffc561ca000 	C:\WINDOWS\System32\ucrtbase.dll
0x00007ffc49020000 - 0x00007ffc49038000 	C:\Users\PC\.p2\pool\plugins\org.eclipse.justj.openjdk.hotspot.jre.full.win32.x86_64_14.0.2.v20200815-0932\jre\bin\jli.dll
0x00007ffc57fb0000 - 0x00007ffc58145000 	C:\WINDOWS\System32\USER32.dll
0x00007ffc56e30000 - 0x00007ffc56e51000 	C:\WINDOWS\System32\win32u.dll
0x00007ffc58980000 - 0x00007ffc589a6000 	C:\WINDOWS\System32\GDI32.dll
0x00007ffc56320000 - 0x00007ffc564b6000 	C:\WINDOWS\System32\gdi32full.dll
0x00007ffc56c60000 - 0x00007ffc56cfe000 	C:\WINDOWS\System32\msvcp_win.dll
0x00007ffc48fd0000 - 0x00007ffc48fe5000 	C:\Users\PC\.p2\pool\plugins\org.eclipse.justj.openjdk.hotspot.jre.full.win32.x86_64_14.0.2.v20200815-0932\jre\bin\VCRUNTIME140.dll
0x00007ffc4ba30000 - 0x00007ffc4bcb4000 	C:\WINDOWS\WinSxS\amd64_microsoft.windows.common-controls_6595b64144ccf1df_6.0.18362.1082_none_9e8193e1e45b25c1\COMCTL32.dll
0x00007ffc58150000 - 0x00007ffc581ee000 	C:\WINDOWS\System32\msvcrt.dll
0x00007ffc589c0000 - 0x00007ffc58cf5000 	C:\WINDOWS\System32\combase.dll
0x00007ffc57dc0000 - 0x00007ffc57ee0000 	C:\WINDOWS\System32\RPCRT4.dll
0x00007ffc57170000 - 0x00007ffc571f0000 	C:\WINDOWS\System32\bcryptPrimitives.dll
0x00007ffc58950000 - 0x00007ffc5897e000 	C:\WINDOWS\System32\IMM32.DLL
0x00007ffc3ce30000 - 0x00007ffc3cecb000 	C:\Users\PC\.p2\pool\plugins\org.eclipse.justj.openjdk.hotspot.jre.full.win32.x86_64_14.0.2.v20200815-0932\jre\bin\msvcp140.dll
0x00007ffbeb0c0000 - 0x00007ffbebbde000 	C:\Users\PC\.p2\pool\plugins\org.eclipse.justj.openjdk.hotspot.jre.full.win32.x86_64_14.0.2.v20200815-0932\jre\bin\server\jvm.dll
0x00007ffc583e0000 - 0x00007ffc58483000 	C:\WINDOWS\System32\ADVAPI32.dll
0x00007ffc58f00000 - 0x00007ffc58f97000 	C:\WINDOWS\System32\sechost.dll
0x00007ffc57250000 - 0x00007ffc57258000 	C:\WINDOWS\System32\PSAPI.DLL
0x00007ffc46da0000 - 0x00007ffc46da9000 	C:\WINDOWS\SYSTEM32\WSOCK32.dll
0x00007ffc58d00000 - 0x00007ffc58d6f000 	C:\WINDOWS\System32\WS2_32.dll
0x00007ffc491b0000 - 0x00007ffc491d4000 	C:\WINDOWS\SYSTEM32\WINMM.dll
0x00007ffc4fb20000 - 0x00007ffc4fb2a000 	C:\WINDOWS\SYSTEM32\VERSION.dll
0x00007ffc49180000 - 0x00007ffc491ad000 	C:\WINDOWS\SYSTEM32\WINMMBASE.dll
0x00007ffc56db0000 - 0x00007ffc56dfa000 	C:\WINDOWS\System32\cfgmgr32.dll
0x00007ffc56010000 - 0x00007ffc56021000 	C:\WINDOWS\System32\kernel.appcore.dll
0x00007ffc49050000 - 0x00007ffc4905a000 	C:\Users\PC\.p2\pool\plugins\org.eclipse.justj.openjdk.hotspot.jre.full.win32.x86_64_14.0.2.v20200815-0932\jre\bin\jimage.dll
0x00007ffc548c0000 - 0x00007ffc54ab4000 	C:\WINDOWS\SYSTEM32\DBGHELP.DLL
0x00007ffc4da40000 - 0x00007ffc4da6a000 	C:\WINDOWS\SYSTEM32\dbgcore.DLL
0x00007ffc46950000 - 0x00007ffc46975000 	C:\Users\PC\.p2\pool\plugins\org.eclipse.justj.openjdk.hotspot.jre.full.win32.x86_64_14.0.2.v20200815-0932\jre\bin\java.dll
0x00007ffc1f4e0000 - 0x00007ffc1f4f6000 	C:\Users\PC\.p2\pool\plugins\org.eclipse.justj.openjdk.hotspot.jre.full.win32.x86_64_14.0.2.v20200815-0932\jre\bin\zip.dll

dbghelp: loaded successfully - version: 4.0.5 - missing functions: none
symbol engine: initialized successfully - sym options: 0x614 - pdb path: .;C:\Users\PC\.p2\pool\plugins\org.eclipse.justj.openjdk.hotspot.jre.full.win32.x86_64_14.0.2.v20200815-0932\jre\bin;C:\WINDOWS\SYSTEM32;C:\Program Files\AVAST Software\Avast;C:\WINDOWS\WinSxS\amd64_microsoft.windows.common-controls_6595b64144ccf1df_6.0.18362.1082_none_9e8193e1e45b25c1;C:\Users\PC\.p2\pool\plugins\org.eclipse.justj.openjdk.hotspot.jre.full.win32.x86_64_14.0.2.v20200815-0932\jre\bin\server

VM Arguments:
jvm_args: -Dfile.encoding=Cp1252 -XX:+ShowCodeDetailsInExceptionMessages 
java_command: Acceuil.Login
java_class_path (initial): C:\Users\PC\Desktop\MODULES\A2\S3\java\eclipse\Gestion d'Auberge\bin;C:\Program Files\Java\mysql-connector\mysql-connector.jar;C:\Users\PC\Desktop\MODULES\A2\S3\java\eclipse\Gestion d'Auberge\jgoodies-forms-1.8.0.jar;C:\Users\PC\Desktop\MODULES\A2\S3\java\eclipse\Gestion d'Auberge\lib\rs2xml.jar
Launcher Type: SUN_STANDARD

[Global flags]
     intx CICompilerCount                          = 3                                         {product} {ergonomic}
     uint ConcGCThreads                            = 1                                         {product} {ergonomic}
     uint G1ConcRefinementThreads                  = 4                                         {product} {ergonomic}
   size_t G1HeapRegionSize                         = 1048576                                   {product} {ergonomic}
    uintx GCDrainStackTargetSize                   = 64                                        {product} {ergonomic}
   size_t InitialHeapSize                          = 130023424                                 {product} {ergonomic}
   size_t MarkStackSize                            = 4194304                                   {product} {ergonomic}
   size_t MaxHeapSize                              = 2055208960                                {product} {ergonomic}
   size_t MinHeapDeltaBytes                        = 1048576                                   {product} {ergonomic}
   size_t MinHeapSize                              = 8388608                                   {product} {ergonomic}
    uintx NonNMethodCodeHeapSize                   = 5832780                                {pd product} {ergonomic}
    uintx NonProfiledCodeHeapSize                  = 122912730                              {pd product} {ergonomic}
    uintx ProfiledCodeHeapSize                     = 122912730                              {pd product} {ergonomic}
    uintx ReservedCodeCacheSize                    = 251658240                              {pd product} {ergonomic}
     bool SegmentedCodeCache                       = true                                      {product} {ergonomic}
     bool ShowCodeDetailsInExceptionMessages       = true                                   {manageable} {command line}
   size_t SoftMaxHeapSize                          = 2055208960                             {manageable} {ergonomic}
     bool UseCompressedClassPointers               = true                                 {lp64_product} {ergonomic}
     bool UseCompressedOops                        = true                                 {lp64_product} {ergonomic}
     bool UseG1GC                                  = true                                      {product} {ergonomic}
     bool UseLargePagesIndividualAllocation        = false                                  {pd product} {ergonomic}

Logging:
Log output configuration:
 #0: stdout all=warning uptime,level,tags
 #1: stderr all=off uptime,level,tags

Environment Variables:
PATH=C:/Users/PC/.p2/pool/plugins/org.eclipse.justj.openjdk.hotspot.jre.full.win32.x86_64_14.0.2.v20200815-0932/jre/bin/server;C:/Users/PC/.p2/pool/plugins/org.eclipse.justj.openjdk.hotspot.jre.full.win32.x86_64_14.0.2.v20200815-0932/jre/bin;C:\Program Files\Common Files\Oracle\Java\javapath;C:\oraclexe\app\oracle\product\10.2.0\server\bin;C:\Program Files (x86)\Common Files\Oracle\Java\javapath;C:\WINDOWS\system32;C:\WINDOWS;C:\WINDOWS\System32\Wbem;C:\WINDOWS\System32\WindowsPowerShell\v1.0\;C:\Windows\;C:\WINDOWS\System32\OpenSSH\;C:\Program Files\Git\cmd;C:\Program Files\Docker\Docker\resources\bin;C:\ProgramData\DockerDesktop\version-bin;C:\Users\PC\AppData\Local\Programs\Python\Python38-32\Scripts\;C:\Users\PC\AppData\Local\Programs\Python\Python38-32\;C:\Users\PC\AppData\Local\Microsoft\WindowsApps;;C:\Program Files\JetBrains\PyCharm Community Edition 2019.3.4\bin;;C:\Users\PC\AppData\Local\Programs\Microsoft VS Code\bin;C:\WINDOWS\System32;
USERNAME=PC
OS=Windows_NT
PROCESSOR_IDENTIFIER=Intel64 Family 6 Model 142 Stepping 9, GenuineIntel



---------------  S Y S T E M  ---------------

OS: Windows 10 , 64 bit Build 18362 (10.0.18362.1082)
OS uptime: 10 days 5:17 hours
HyperV virtualization detected

CPU:total 4 (initial active 4) (2 cores per cpu, 2 threads per core) family 6 model 142 stepping 9, cmov, cx8, fxsr, mmx, sse, sse2, sse3, ssse3, sse4.1, sse4.2, popcnt, avx, avx2, aes, clmul, erms, rtm, 3dnowpref, lzcnt, ht, tsc, tscinvbit, bmi1, bmi2, adx, fma

Memory: 4k page, system-wide physical 7833M (936M free)
TotalPageFile size 20155M (AvailPageFile size 5M)
current process WorkingSet (physical memory assigned to process): 10M, peak: 10M
current process commit charge ("private bytes"): 178M, peak: 180M

vm_info: OpenJDK 64-Bit Server VM (14.0.2+12-46) for windows-amd64 JRE (14.0.2+12-46), built on Jul  9 2020 00:31:16 by "mach5one" with MS VC++ 15.9 (VS2017)

END.
